{"logLevel":"debug","message":"multithreading is set to false"}
{"logLevel":"debug","message":"Using reflection to scan dependencies for gauge implementations..."}
SLF4J: Failed to load class "org.slf4j.impl.StaticLoggerBinder".
SLF4J: Defaulting to no-operation (NOP) logger implementation
SLF4J: See http://www.slf4j.org/codes.html#StaticLoggerBinder for further details.
{"logLevel":"debug","message":"gauge-java took 1513milliseconds to load and scan. This should be less than 'runner_connection_timeout' config value."}
{"logLevel":"debug","message":"run 'gauge config runner_connection_timeout' and verify that it is < 1513"}
{"logLevel":"debug","message":"starting gRPC server..."}
{"logLevel":"debug","message":"started gRPC server on port 60121"}
{"logLevel":"info","message":"Listening on port:60121"}
{"logLevel":"debug","message":"Scanning packages for steps"}
{"logLevel":"debug","message":"Comparing 'Tests.ProductTest.checkProduct' and 'Tests.ProductTest.checkProduct'"}
{"logLevel":"debug","message":"Found Kullanýcý ürünün geldiðini kontrol eder. in current project scope."}
{"logLevel":"debug","message":"Comparing 'Tests.ProductTest.clickBrandFilter' and 'Tests.ProductTest.clickBrandFilter'"}
{"logLevel":"debug","message":"Found Kullanýcý marka olarak {}'i seçer. in current project scope."}
{"logLevel":"debug","message":"Comparing 'Tests.HomeTest.click3DPrinter' and 'Tests.HomeTest.click3DPrinter'"}
{"logLevel":"debug","message":"Found Kullanýcý {} sýnýfýna týklar. in current project scope."}
{"logLevel":"debug","message":"Comparing 'Tests.HomeTest.hoverPrinter' and 'Tests.HomeTest.hoverPrinter'"}
{"logLevel":"debug","message":"Found Kullanýcý elektronik bölümünden {} bölümüne gelir. in current project scope."}
{"logLevel":"debug","message":"Comparing 'org.example.StepImplementation.ensureInstallationInstructionsAreAvailable' and 'org.example.StepImplementation.ensureInstallationInstructionsAreAvailable'"}
{"logLevel":"debug","message":"Found Ensure installation instructions are available in current project scope."}
{"logLevel":"debug","message":"Comparing 'Tests.ProductTest.clickRating' and 'Tests.ProductTest.clickRating'"}
{"logLevel":"debug","message":"Found Kullanýcý Deðerlendirme puanýný dört ve üzeriyi seçer. in current project scope."}
{"logLevel":"debug","message":"Comparing 'Tests.ProductTest.selectRandomPruduct' and 'Tests.ProductTest.selectRandomPruduct'"}
{"logLevel":"debug","message":"Found Kullanýcý rastgele bir ürün seçer. in current project scope."}
{"logLevel":"debug","message":"Comparing 'org.example.StepImplementation.gotoGetStartedPage' and 'org.example.StepImplementation.gotoGetStartedPage'"}
{"logLevel":"debug","message":"Found Go to Gauge Get Started Page in current project scope."}
{"logLevel":"debug","message":"Comparing 'Tests.HomeTest.userVisitSite' and 'Tests.HomeTest.userVisitSite'"}
{"logLevel":"debug","message":"Found Kullanýcý {} sitesini ziyaret eder in current project scope."}
{"logLevel":"debug","message":"Comparing 'Tests.HomeTest.clickElectronic' and 'Tests.HomeTest.clickElectronic'"}
{"logLevel":"debug","message":"Found Kullanýcý gezinti çubuðunda {} bölümüne gelir. in current project scope."}
{"logLevel":"debug","message":"Comparing 'org.example.StepImplementation.implementation1' and 'org.example.StepImplementation.implementation1'"}
{"logLevel":"debug","message":"Found Open the Gauge homepage in current project scope."}
{"logLevel":"debug","message":"Scanning packages for hooks"}
{"logLevel":"debug","message":"Scanned steps (using static parsing + reflections): "}
{"logLevel":"debug","message":"\tOpen the Gauge homepage : public void implementation1()"}
{"logLevel":"debug","message":"\tGo to Gauge Get Started Page : public void gotoGetStartedPage() throws InterruptedException"}
{"logLevel":"debug","message":"\tKullanýcý {} sitesini ziyaret eder : public void userVisitSite(String key)"}
{"logLevel":"debug","message":"\tKullanýcý gezinti çubuðunda {} bölümüne gelir. : public void clickElectronic(String key)"}
{"logLevel":"debug","message":"\tKullanýcý elektronik bölümünden {} bölümüne gelir. : public void hoverPrinter(String key)"}
{"logLevel":"debug","message":"\tKullanýcý rastgele bir ürün seçer. : public void selectRandomPruduct()"}
{"logLevel":"debug","message":"\tKullanýcý ürünün geldiðini kontrol eder. : public void checkProduct()"}
{"logLevel":"debug","message":"\tEnsure installation instructions are available : public void ensureInstallationInstructionsAreAvailable() throws InterruptedException"}
{"logLevel":"debug","message":"\tKullanýcý {} sýnýfýna týklar. : public void click3DPrinter(String key)"}
{"logLevel":"debug","message":"\tKullanýcý Deðerlendirme puanýný dört ve üzeriyi seçer. : public void clickRating()"}
{"logLevel":"debug","message":"\tKullanýcý marka olarak {}'i seçer. : public void clickBrandFilter(String key)"}
Starting ChromeDriver 101.0.4951.41 (93c720db8323b3ec10d056025ab95c23a31997c9-refs/branch-heads/4951@{#904}) on port 34405
Only local connections are allowed.
Please see https://chromedriver.chromium.org/security-considerations for suggestions on keeping ChromeDriver safe.
ChromeDriver was started successfully.
May 06, 2022 1:18:59 ÖS org.openqa.selenium.remote.ProtocolHandshake createSession
INFO: Detected dialect: W3C
{"logLevel":"debug","message":"Executing 'Kullanýcý {} sitesini ziyaret eder' using 'class Tests.HomeTest.userVisitSite"}
{"logLevel":"debug","message":"Executing 'Kullanýcý gezinti çubuðunda {} bölümüne gelir.' using 'class Tests.HomeTest.clickElectronic"}
{"logLevel":"debug","message":"Executing 'Kullanýcý elektronik bölümünden {} bölümüne gelir.' using 'class Tests.HomeTest.hoverPrinter"}
{"logLevel":"debug","message":"Executing 'Kullanýcý {} sýnýfýna týklar.' using 'class Tests.HomeTest.click3DPrinter"}
{"logLevel":"debug","message":"Executing 'Kullanýcý marka olarak {}'i seçer.' using 'class Tests.ProductTest.clickBrandFilter"}
{"logLevel":"debug","message":"Executing 'Kullanýcý Deðerlendirme puanýný dört ve üzeriyi seçer.' using 'class Tests.ProductTest.clickRating"}
{"logLevel":"debug","message":"Executing 'Kullanýcý rastgele bir ürün seçer.' using 'class Tests.ProductTest.selectRandomPruduct"}
{"logLevel":"debug","message":"Executing 'Kullanýcý ürünün geldiðini kontrol eder.' using 'class Tests.ProductTest.checkProduct"}
